3693 wrong out of 100000
96.307%

syn0: [[-14.071787465442204, -0.863981959769738, -2.27310826104682, -12.391288313734211], [-1.4791214551113567, -13.44185255270713, 12.137502930284095, 0.5482426908848266], [-10.796785440293137, -10.233888858127782, -8.572602619322153, 8.085663368737821]] 
syn1: [[-12.384849056881126], [-14.220359278390184], [-12.61301992932493], [12.202062474363684]]

Iterations: 452 

2581 wrong out of 100000
97.419%

syn0: [[-14.747345931095435, -0.9219084184276256, -0.9023844655445002, -16.498846951518306], [0.8568046994409921, -11.503780370175082, 15.717255153035486, -1.2175281078577316], [-12.895091624153181, -7.7587386650140795, -11.610094885109108, 11.220870727420824]] 
syn1: [[-16.229185520339442], [-15.932599239603324], [-16.146659714378497], [15.14143705079015]]

Iterations: 10 

2523 wrong out of 100000
97.477%

syn0: [[-14.748840876301976, 0.5616562895953187, -0.33249035322436127, -16.831042341658726], [0.049913253744774816, -12.99244818375942, 17.54160228404308, -0.5411523584594634], [-10.693647761672112, -9.290475051510377, -13.878303785110898, 12.085149934427745]] 
syn1: [[-17.114375165089513], [-17.035045657257996], [-18.084328091118273], [16.118631385601386]]

Iterations: 7 

2413 wrong out of 100000
97.587%

syn0: [[-14.347924779635848, 0.9446990731834569, 0.2589943940728908, -17.418012034408278], [-0.1229924373902638, -13.224420345700022, 17.652403237907098, -0.6212818630405862], [-11.058915987356498, -8.928135966472514, -13.557688918018435, 11.19811783319125]] 
syn1: [[-17.35267256800432], [-17.121134643847462], [-17.949929895804203], [16.07190135960921]]

Iterations: 2 

2361 wrong out of 100000
97.639%

syn0: [[-15.353968463634434, 0.7982588683787049, -0.823800274976667, -16.708578675694447], [0.4014534461969848, -13.67566994337982, 16.026926329605196, -2.4304578477004313], [-11.711149728587626, -10.09919915492845, -12.811522111895032, 11.277832195908832]] 
syn1: [[-18.343542241083952], [-18.93252226692649], [-18.843758614876776], [17.569959618589117]]

Iterations: 34 

2316 wrong out of 100000
97.684%

syn0: [[-15.612991051268844, 0.8071339075545362, -0.8533024991627098, -16.864020701329984], [0.24452276674422846, -13.785831827319528, 16.381370090036565, -2.426274425465937], [-11.383906617153267, -9.861442737866918, -12.380939927280567, 11.050271704952404]] 
syn1: [[-18.42589659872112], [-19.02544055175067], [-19.042947355120365], [17.19844724878063]]

Iterations: 1 

2255 wrong out of 100000
97.745%

syn0: [[-15.764262697782613, 1.7290557659936758, -1.976489772475647, -17.605106380519874], [0.2611232427618543, -13.316186302660421, 16.22483494009494, -2.1250853706935344], [-12.207487141625695, -9.203773982734448, -11.920997825962795, 11.824422056281318]] 
syn1: [[-24.08527756905833], [-23.416796682846197], [-23.438834052457675], [22.209326254335203]]

Iterations: 9 

1918 wrong out of 100000
98.082%

syn0: [[-15.562306723759653, 0.5096169677755231, -0.36700268501670863, -17.252590395255037], [0.1122898420361157, -14.36638340365965, 15.523965648452414, -2.087100824912641], [-12.893542123502707, -9.189817842920018, -11.676956311677506, 11.190731227933515]] 
syn1: [[-24.693709424109528], [-23.3768618478535], [-23.817287523991308], [23.072827816503082]]

Iterations: 9 

1705 wrong out of 100000
98.295%

syn0: [[-18.45017460842675, 1.4577138212956786, 0.46752038477135344, -17.11191015299075], [-0.0805698045460834, -12.767065902316755, 14.329148041635387, -0.3399133919588903], [-11.831336965691143, -8.112196570274287, -10.99425072948686, 12.149833719279064]] 
syn1: [[-24.929789136382112], [-25.083980820099004], [-25.977349636255994], [24.770199443019145]]

Iterations: 3 

