225 wrong out of 10000
97.75%

syn0: [[0.4292646224545365, 7.645819692402223, -10.124809663829247, -6.057448081957254, -8.517043681628119, -8.744822288757096, -1.6559220967582522, 7.937321738714084, -2.8616444269331773, -2.7839419993883654], [4.53742521425073, 10.253930146778893, -3.7857244396746625, 6.925929969169114, 6.333076220597555, 1.0013492951298537, 5.028685585044505, 1.6272294915590273, -13.248755708688918, 4.975641882474297], [-3.778394634039483, -10.59651000251569, -6.5624332289865315, -8.182671694637445, 8.055107898059573, -7.571328891625729, -4.790265135203378, -7.3973721589511054, -10.76748193319448, -5.188027087902994]] 
syn1: [[-3.4882637732615245], [-13.22854122114147], [-7.793479491511523], [-8.469278814381678], [16.56088269324967], [-7.676814377318383], [-4.741070787786159], [-7.246638823111287], [-13.326684238581603], [-4.955718292101758]]

Iterations: 1145 

204 wrong out of 10000
97.96%

syn0: [[-0.31724344217737277, 11.430133770869924, -11.5573666381806, -10.291160960577033, -9.124770627691039, -17.174814911143777, -0.06582251893962116, 15.970686045586756, 0.9940270725285973, -0.5900052596267692], [8.531768229282335, 11.47632342242043, -10.513716852713374, 9.559106203582584, 8.602400525597968, 0.7091441037933103, 11.020090207671286, -1.7321546037481221, -14.347145710999449, 9.321269586983496], [-7.293139280126472, -13.718147281438613, -11.051174830952876, -11.68717369909057, 12.40312135414586, -15.825046594621886, -9.208314125726554, -13.246473124987867, -9.065975921581108, -7.796366611795889]] 
syn1: [[-4.407439961473054], [-14.441696301466715], [-12.629041369607476], [-9.631631759011842], [18.629015185046583], [-12.68784687330727], [-6.283348549835054], [-9.49307060190588], [-14.255503829102626], [-5.687018926116487]]

Iterations: 578 

127 wrong out of 10000
98.73%

syn0: [[-0.6184004457529995, 12.915261108890157, -11.003479993590194, -10.343028729113874, -8.780670204905062, -17.833292185320687, -0.4256863733934758, 15.945668749920813, 0.5378079376485215, -0.9398925957187515], [8.460691449704976, 10.166908779059273, -9.223577608357052, 9.54985635134712, 10.005918037951448, 0.1244702353896831, 11.019174834481602, -1.214471232313894, -12.776528254717592, 9.189306299414373], [-7.344278731460857, -13.481083079556305, -12.548139310269857, -11.71365876492633, 11.208279109027988, -15.093294201257653, -9.18400130118703, -13.454713708582856, -11.093966585866179, -7.924181399649641]] 
syn1: [[-4.315108073826261], [-14.65306513447771], [-12.595677297586835], [-9.984951550322814], [18.06471437759866], [-12.984422156982115], [-6.150899216895884], [-10.08820728679519], [-14.2478954393788], [-5.608949326295654]]

Iterations: 13 

115 wrong out of 10000
98.85%

syn0: [[-0.13553556323000523, 12.934586589317846, -10.517369282972677, -10.073715726678504, -9.853468516692946, -17.511331073617434, 0.8233555617367988, 15.446792719259097, 0.17427817159544806, -0.628791008690414], [8.995109595505653, 10.056412375952455, -9.797403073479268, 9.591669088515559, 9.77666912251941, 2.2858272629122087, 11.081487973496017, 0.5068259944355716, -13.443842626257823, 9.997533860716874], [-7.601213305016641, -13.976361493628543, -12.717621276164463, -12.39149272231072, 11.574549380534132, -14.697564486836962, -10.238923482824305, -14.89508973153469, -11.114902568546748, -7.963251100405931]] 
syn1: [[-5.050559651966394], [-15.032180460946982], [-12.526759208424696], [-10.22912303972351], [16.832834598625478], [-13.18352348675653], [-6.926942008633729], [-10.673740445442823], [-14.679997488237452], [-6.182084465074777]]

Iterations: 27 

107 wrong out of 10000
98.93%

syn0: [[-0.3585815383523887, 12.300450278659987, -10.057848319091166, -10.577442236578822, -10.033343264865735, -17.76488937996182, 0.8659509194559418, 16.75135881099534, -1.7590299227724726, -1.1172183676629426], [9.245430544718879, 9.978386968536158, -11.342429375553063, 9.359874228416562, 9.810988686247274, 2.0722966736681316, 11.567294593230036, 0.4922131128987449, -14.156990358396078, 10.174297695623407], [-7.832100052979233, -14.414288506179634, -12.849876697476287, -12.406678722074652, 12.086942767967091, -14.314364051310777, -10.445659007534239, -13.952353700861162, -12.948983357366712, -8.261199133518298]] 
syn1: [[-5.740310753971135], [-14.483627809853454], [-12.658680520897693], [-10.048612857553211], [17.052838943647213], [-12.345689487361216], [-7.705600758173569], [-11.286482960453935], [-14.85118514494562], [-6.957005890885741]]

Iterations: 24 

82 wrong out of 10000
99.18%

syn0: [[-0.7471728999292646, 17.198959228391768, -16.717157605314526, -16.867691298655128, -11.958353411231549, -23.389811244381875, 1.1349666655318011, 20.283848199237585, 2.7793685679204096, -2.3611515787261084], [9.39400248872651, 11.13194274921192, -13.425699720696057, 8.451074331846883, 11.86574825543576, 0.834305674687976, 12.461592743112332, -1.6396781100057296, -16.68168824116922, 12.03058882370946], [-9.77598886774642, -18.60916183698845, -19.4437985436634, -16.051530234521135, 16.795939039712028, -23.361753596101405, -12.262962178474984, -18.302124096204366, -14.980680650594444, -8.734460286741575]] 
syn1: [[-6.817517761088], [-16.63178741792314], [-18.223953900664057], [-11.313709834928796], [13.861753099196312], [-12.320000088972337], [-9.533679795002532], [-9.40319806145959], [-16.249877892887632], [-7.398297844859007]]

Iterations: 394 

80 wrong out of 10000
99.2%

syn0: [[0.4436693241855196, 16.409357390746834, -18.192844366171652, -16.30267851546067, -14.598118356738693, -24.59786741509816, 2.983857454228711, 19.536830711920377, -0.3820554152059906, -0.9450634982369894], [9.665170915220118, 11.570104779294324, -11.869595312542511, 15.016172336299523, 10.248215903688454, 3.8121200631921304, 15.408808726332143, -1.978308295872718, -17.876217180042097, 13.538972537453201], [-11.897942341359128, -18.476825154532587, -19.501440093157733, -19.638146653616054, 16.341219703919453, -23.39967933534593, -14.43329393009753, -19.064400284098717, -15.661969630329192, -9.705726015265332]] 
syn1: [[-6.1905723037256], [-15.854189630694595], [-17.678003342797265], [-11.683330054429122], [15.301035489612186], [-13.139658935987892], [-8.070398942812977], [-10.237598782588918], [-19.20602171586425], [-6.625227751286159]]

Iterations: 91 

76 wrong out of 10000
99.24%

syn0: [[7.0090258196986825, 22.575057618823262, -16.20423124829343, -18.115251496056935, -17.282915856169573, -27.209686449828684, 0.34363624141554094, 19.62628159540035, 3.8957427134542817, 3.190173509493639], [15.662020620150587, 12.048719948056084, -14.383338383950969, 25.382247214277633, 9.97686790690652, 7.115846019062275, 24.446515513514786, -1.098903266503544, -18.14764585144596, 17.307458604039034], [-17.63300591240104, -23.224577543595284, -20.102300830535338, -29.06743098386784, 18.558729253265575, -26.787191648878245, -18.925436821477113, -19.645187717816306, -17.201481389106256, -17.263385073782207]] 
syn1: [[-8.072467780541928], [-16.728116614748934], [-21.325363326550267], [-13.583575801180448], [15.254755155263132], [-18.639504928989783], [-10.141470357294832], [-10.668580199154986], [-18.599334053505398], [-7.080877317356793]]

Iterations: 13 

74 wrong out of 10000
99.26%

syn0: [[7.14515490024178, 22.12045252457174, -17.12414750042344, -19.13588044236368, -17.46879246086864, -27.55103911271523, -0.1267729223822796, 20.13068239717634, 2.228303006150599, 3.1405145634784875], [16.203617951971815, 12.07941951926079, -15.120115918787652, 24.686586501303154, 10.367411062986116, 6.634914679921647, 23.53713228295987, -2.072850149297974, -18.274397496292703, 17.388878345561302], [-17.22993305118447, -23.82270564459048, -20.07443508999342, -28.987238637922268, 18.68620381056108, -26.563018552108716, -19.82187152699811, -18.94550625545191, -16.735640448979996, -17.474512705837586]] 
syn1: [[-8.221081779708415], [-16.62235136537859], [-20.174738335215185], [-13.73250965779572], [17.052599214889174], [-19.359115845949802], [-9.428771355580249], [-10.760657516526733], [-18.700536329312186], [-7.3721697372257955]]

Iterations: 3 

41 wrong out of 10000
99.59%

syn0: [[7.286402758940127, 22.330385791423197, -17.487247270543886, -19.04638785937836, -17.276239517418276, -27.663105278325734, -0.30811301242489547, 20.068263852302756, 2.877883242241728, 3.013474614385662], [16.492557240446224, 12.163587417411257, -14.192859682720854, 24.783047363421694, 10.62563884987105, 6.529819917739355, 23.007998444477288, -2.065319997425401, -18.248911756985493, 17.4483625370866], [-16.88883891495908, -23.636588016774915, -20.574171445787876, -28.956677852734213, 18.760680112213873, -26.448289534961248, -20.418294417685665, -18.962407991950602, -16.837170255260872, -17.486725392829847]] 
syn1: [[-8.21971978099706], [-16.84508172634383], [-20.064347027120643], [-13.769164434770618], [16.434388550229468], [-19.459098540356962], [-9.432928894421645], [-10.700663026837256], [-19.188011555045573], [-7.410166812809914]]

Iterations: 8 

39 wrong out of 10000
99.61%

syn0: [[8.928459134361638, 23.11833394804062, -18.954968102448174, -17.81116564707413, -16.897626606296473, -27.924083503020437, -1.1152496658088893, 21.085568175982065, 1.262355740213167, 3.0750743575961144], [15.711086482136702, 11.13628131129228, -15.35448115299542, 26.0345917198239, 13.732022559743845, 5.805692281108794, 22.06960222708532, -2.737823083558101, -20.241179608459365, 18.388705712809482], [-16.966568039054852, -23.45748414699516, -22.736692990290003, -29.50958980622655, 19.22167234772876, -26.091925765866385, -21.39968298077948, -20.59922486169072, -19.054422020795148, -16.85584726040257]] 
syn1: [[-8.404098321774663], [-15.356785895331853], [-19.881933823930886], [-16.900152936963455], [15.95340139045054], [-19.53945207878371], [-9.80803614627929], [-10.963231591957193], [-20.87597358695885], [-7.919692120112914]]

Iterations: 2 

25 wrong out of 10000
99.75%

syn0: [[11.396069204716865, 23.126807823232777, -17.37118378969395, -21.339908603416443, -20.919509146804028, -28.234929506903445, -2.5325618728322983, 24.0027316592965, 3.326015714471487, 7.9847828476225216], [16.24804128517548, 8.910938245160452, -18.891266821822754, 24.70264182367815, 12.694358085651755, 1.8977431444442066, 23.17839924507336, 0.06444941478957103, -22.097662117464854, 19.544866994538413], [-19.69095311060749, -23.66168594874479, -23.498345000106386, -30.862607143994698, 22.285300785589502, -26.54024584908967, -22.368281217750262, -21.951196006241965, -20.351991469996143, -18.123934461637024]] 
syn1: [[-11.002134085346444], [-12.598706503414533], [-20.005061625766718], [-19.286015294884987], [17.44788325122077], [-20.560693095883288], [-13.185150479218283], [-10.774826460008613], [-20.289223338697646], [-11.66516727306737]]

Iterations: 4 

22 wrong out of 10000
99.78%

syn0: [[16.846992005408207, 25.69430289635658, -21.76454579787709, -23.718930429779434, -24.508699894125193, -32.2018242308356, -2.926083856226281, 23.904092816692977, 3.229346228670236, 5.635600014845749], [17.543371290363368, 7.390602404966583, -24.626293916904324, 22.940145828113078, 18.911168347456346, -1.5558626082894877, 27.141949880248877, -3.271219820947024, -27.548250890796314, 23.25771913877171], [-22.56657298505894, -24.901021824920342, -30.440747806454606, -30.681466585250956, 28.515070983111347, -29.628704543362687, -26.386924855877773, -22.42133579883061, -25.344632420392664, -19.824024656693222]] 
syn1: [[-12.116944539779343], [-14.202603117623049], [-23.100892691266647], [-22.800288503241916], [19.671875494346203], [-22.05088681688356], [-12.996902220216457], [-10.621319078750894], [-23.1447705357857], [-11.080783548049784]]

Iterations: 5 

20 wrong out of 10000
99.8%

syn0: [[17.031606659257942, 26.438905488565226, -21.524255726099355, -24.73601229864258, -24.418537240202056, -32.377015329022484, -3.1612810436146277, 23.841557019824673, 3.402028383115512, 4.84292947565518], [18.064259134741384, 6.870630582179423, -24.65270220158183, 21.852098575605613, 19.390648831212804, -1.3044205940621298, 27.65197157638872, -4.052347701259065, -27.514445318992358, 23.314350181079156], [-22.732295316751323, -24.817039798899412, -30.70715952642036, -31.0013442683867, 29.346573328812518, -30.293642333080996, -26.72496398252729, -22.530213758330532, -25.624359055344772, -20.15859379349711]] 
syn1: [[-12.589341577850249], [-14.460441698697736], [-22.93000233299706], [-23.232271071776367], [19.663097894355417], [-22.539980500656917], [-12.92729811906865], [-10.973914410393457], [-23.03057256925227], [-11.759240702676959]]

Iterations: 2 

19 wrong out of 10000
99.81%

syn0: [[23.02235687083384, 34.59593861304401, -23.507781165918924, -26.30421994698641, -30.12914770409941, -35.722415277462986, -3.425962217142276, 25.366678890774054, 4.899949870442831, 6.968501294825019], [27.0798024051745, 8.216449272395504, -28.672966535398746, 24.618492561903278, 23.818022490635006, -2.6165151612329915, 34.659258096721, -3.1010717636352663, -31.123120466222964, 28.326305008272517], [-33.04105570207937, -32.303107466322565, -34.595355464366136, -33.46991302737625, 35.962796685820074, -33.34822323322274, -32.65581294494098, -22.907944149571307, -29.454482299549195, -23.985244404746165]] 
syn1: [[-15.422534940114335], [-18.939900033979452], [-28.15167823991525], [-26.646377405707938], [24.256486808491683], [-26.899900133981564], [-15.273252592785092], [-11.062802023413628], [-27.48801926469373], [-11.483074796825061]]

Iterations: 2 

17 wrong out of 10000
99.83%

syn0: [[24.00683169042202, 34.84162422162565, -23.36517387623072, -28.4023989890425, -33.01749905198405, -37.757041817091455, -2.847229010630212, 24.794759185000604, 4.464450651091788, 5.066736830796913], [26.736818011418162, 7.245049964158923, -29.418023623372314, 24.036615317668506, 24.549047868081846, -4.074117598070369, 35.712273923108405, -3.095686675623339, -31.492823280318223, 29.34709923238726], [-32.90703363318081, -33.38305211502643, -34.827707796506346, -34.74516037393459, 37.97734139847005, -35.013404948682314, -34.28602394891025, -23.796158473434755, -29.54773383002259, -23.142726335276354]] 
syn1: [[-17.424921837771358], [-21.4132442733534], [-28.46914374169137], [-28.478249627460215], [26.193299494654212], [-28.15549399500003], [-17.45108529593681], [-10.640374560776754], [-28.883171244712294], [-11.396951727034777]]

Iterations: 1 

